Apache Maven 3.5.2 (138edd61fd100ec658bfa2d307c43b76940a5d7d; 2017-10-18T13:28:13+05:30)
Maven home: /usr/local/Cellar/maven/3.5.2/libexec
Java version: 9.0.1, vendor: Oracle Corporation
Java home: /Library/Java/JavaVirtualMachines/jdk-9.0.1.jdk/Contents/Home
Default locale: en_IN, platform encoding: UTF-8
OS name: "mac os x", version: "10.12.6", arch: "x86_64", family: "mac"
[DEBUG] Created new class realm maven.api
[DEBUG] Importing foreign packages into class realm maven.api
[DEBUG]   Imported: javax.annotation.* < plexus.core
[DEBUG]   Imported: javax.enterprise.inject.* < plexus.core
[DEBUG]   Imported: javax.enterprise.util.* < plexus.core
[DEBUG]   Imported: javax.inject.* < plexus.core
[DEBUG]   Imported: org.apache.maven.* < plexus.core
[DEBUG]   Imported: org.apache.maven.artifact < plexus.core
[DEBUG]   Imported: org.apache.maven.classrealm < plexus.core
[DEBUG]   Imported: org.apache.maven.cli < plexus.core
[DEBUG]   Imported: org.apache.maven.configuration < plexus.core
[DEBUG]   Imported: org.apache.maven.exception < plexus.core
[DEBUG]   Imported: org.apache.maven.execution < plexus.core
[DEBUG]   Imported: org.apache.maven.execution.scope < plexus.core
[DEBUG]   Imported: org.apache.maven.lifecycle < plexus.core
[DEBUG]   Imported: org.apache.maven.model < plexus.core
[DEBUG]   Imported: org.apache.maven.monitor < plexus.core
[DEBUG]   Imported: org.apache.maven.plugin < plexus.core
[DEBUG]   Imported: org.apache.maven.profiles < plexus.core
[DEBUG]   Imported: org.apache.maven.project < plexus.core
[DEBUG]   Imported: org.apache.maven.reporting < plexus.core
[DEBUG]   Imported: org.apache.maven.repository < plexus.core
[DEBUG]   Imported: org.apache.maven.rtinfo < plexus.core
[DEBUG]   Imported: org.apache.maven.settings < plexus.core
[DEBUG]   Imported: org.apache.maven.toolchain < plexus.core
[DEBUG]   Imported: org.apache.maven.usability < plexus.core
[DEBUG]   Imported: org.apache.maven.wagon.* < plexus.core
[DEBUG]   Imported: org.apache.maven.wagon.authentication < plexus.core
[DEBUG]   Imported: org.apache.maven.wagon.authorization < plexus.core
[DEBUG]   Imported: org.apache.maven.wagon.events < plexus.core
[DEBUG]   Imported: org.apache.maven.wagon.observers < plexus.core
[DEBUG]   Imported: org.apache.maven.wagon.proxy < plexus.core
[DEBUG]   Imported: org.apache.maven.wagon.repository < plexus.core
[DEBUG]   Imported: org.apache.maven.wagon.resource < plexus.core
[DEBUG]   Imported: org.codehaus.classworlds < plexus.core
[DEBUG]   Imported: org.codehaus.plexus.* < plexus.core
[DEBUG]   Imported: org.codehaus.plexus.classworlds < plexus.core
[DEBUG]   Imported: org.codehaus.plexus.component < plexus.core
[DEBUG]   Imported: org.codehaus.plexus.configuration < plexus.core
[DEBUG]   Imported: org.codehaus.plexus.container < plexus.core
[DEBUG]   Imported: org.codehaus.plexus.context < plexus.core
[DEBUG]   Imported: org.codehaus.plexus.lifecycle < plexus.core
[DEBUG]   Imported: org.codehaus.plexus.logging < plexus.core
[DEBUG]   Imported: org.codehaus.plexus.personality < plexus.core
[DEBUG]   Imported: org.codehaus.plexus.util.xml.Xpp3Dom < plexus.core
[DEBUG]   Imported: org.codehaus.plexus.util.xml.pull.XmlPullParser < plexus.core
[DEBUG]   Imported: org.codehaus.plexus.util.xml.pull.XmlPullParserException < plexus.core
[DEBUG]   Imported: org.codehaus.plexus.util.xml.pull.XmlSerializer < plexus.core
[DEBUG]   Imported: org.eclipse.aether.* < plexus.core
[DEBUG]   Imported: org.eclipse.aether.artifact < plexus.core
[DEBUG]   Imported: org.eclipse.aether.collection < plexus.core
[DEBUG]   Imported: org.eclipse.aether.deployment < plexus.core
[DEBUG]   Imported: org.eclipse.aether.graph < plexus.core
[DEBUG]   Imported: org.eclipse.aether.impl < plexus.core
[DEBUG]   Imported: org.eclipse.aether.installation < plexus.core
[DEBUG]   Imported: org.eclipse.aether.internal.impl < plexus.core
[DEBUG]   Imported: org.eclipse.aether.metadata < plexus.core
[DEBUG]   Imported: org.eclipse.aether.repository < plexus.core
[DEBUG]   Imported: org.eclipse.aether.resolution < plexus.core
[DEBUG]   Imported: org.eclipse.aether.spi < plexus.core
[DEBUG]   Imported: org.eclipse.aether.transfer < plexus.core
[DEBUG]   Imported: org.eclipse.aether.version < plexus.core
[DEBUG]   Imported: org.fusesource.jansi.* < plexus.core
[DEBUG]   Imported: org.slf4j.* < plexus.core
[DEBUG]   Imported: org.slf4j.helpers.* < plexus.core
[DEBUG]   Imported: org.slf4j.spi.* < plexus.core
[DEBUG] Populating class realm maven.api
[INFO] Error stacktraces are turned on.
[DEBUG] Message scheme: color
[DEBUG] Message styles: debug info warning error success failure strong mojo project
[DEBUG] Reading global settings from /usr/local/Cellar/maven/3.5.2/libexec/conf/settings.xml
[DEBUG] Reading user settings from /Users/jegan/.m2/settings.xml
[DEBUG] Reading global toolchains from /usr/local/Cellar/maven/3.5.2/libexec/conf/toolchains.xml
[DEBUG] Reading user toolchains from /Users/jegan/.m2/toolchains.xml
[DEBUG] Using local repository at /Users/jegan/.m2/repository
[DEBUG] Using manager EnhancedLocalRepositoryManager with priority 10.0 for /Users/jegan/.m2/repository
[INFO] Scanning for projects...
[DEBUG] Extension realms for project org.tektutor:tektutor-rpncalculator-webservice:jar:1.0.0: (none)
[DEBUG] Looking up lifecycle mappings for packaging jar from ClassRealm[plexus.core, parent: null]
[DEBUG] Extension realms for project org.springframework.boot:spring-boot-starter-parent:pom:1.5.9.RELEASE: (none)
[DEBUG] Looking up lifecycle mappings for packaging pom from ClassRealm[plexus.core, parent: null]
[DEBUG] Extension realms for project org.springframework.boot:spring-boot-dependencies:pom:1.5.9.RELEASE: (none)
[DEBUG] Looking up lifecycle mappings for packaging pom from ClassRealm[plexus.core, parent: null]
[DEBUG] === REACTOR BUILD PLAN ================================================
[DEBUG] Project: org.tektutor:tektutor-rpncalculator-webservice:jar:1.0.0
[DEBUG] Tasks:   [clean, compile]
[DEBUG] Style:   Regular
[DEBUG] =======================================================================
[INFO] 
[INFO] ------------------------------------------------------------------------
[INFO] Building tektutor-rpncalculator-webservice 1.0.0
[INFO] ------------------------------------------------------------------------
[DEBUG] Lifecycle default -> [validate, initialize, generate-sources, process-sources, generate-resources, process-resources, compile, process-classes, generate-test-sources, process-test-sources, generate-test-resources, process-test-resources, test-compile, process-test-classes, test, prepare-package, package, pre-integration-test, integration-test, post-integration-test, verify, install, deploy]
[DEBUG] Lifecycle clean -> [pre-clean, clean, post-clean]
[DEBUG] Lifecycle site -> [pre-site, site, post-site, site-deploy]
[DEBUG] Lifecycle default -> [validate, initialize, generate-sources, process-sources, generate-resources, process-resources, compile, process-classes, generate-test-sources, process-test-sources, generate-test-resources, process-test-resources, test-compile, process-test-classes, test, prepare-package, package, pre-integration-test, integration-test, post-integration-test, verify, install, deploy]
[DEBUG] Lifecycle clean -> [pre-clean, clean, post-clean]
[DEBUG] Lifecycle site -> [pre-site, site, post-site, site-deploy]
[DEBUG] Lifecycle default -> [validate, initialize, generate-sources, process-sources, generate-resources, process-resources, compile, process-classes, generate-test-sources, process-test-sources, generate-test-resources, process-test-resources, test-compile, process-test-classes, test, prepare-package, package, pre-integration-test, integration-test, post-integration-test, verify, install, deploy]
[DEBUG] Lifecycle clean -> [pre-clean, clean, post-clean]
[DEBUG] Lifecycle site -> [pre-site, site, post-site, site-deploy]
[DEBUG] Lifecycle default -> [validate, initialize, generate-sources, process-sources, generate-resources, process-resources, compile, process-classes, generate-test-sources, process-test-sources, generate-test-resources, process-test-resources, test-compile, process-test-classes, test, prepare-package, package, pre-integration-test, integration-test, post-integration-test, verify, install, deploy]
[DEBUG] Lifecycle clean -> [pre-clean, clean, post-clean]
[DEBUG] Lifecycle site -> [pre-site, site, post-site, site-deploy]
[DEBUG] Lifecycle default -> [validate, initialize, generate-sources, process-sources, generate-resources, process-resources, compile, process-classes, generate-test-sources, process-test-sources, generate-test-resources, process-test-resources, test-compile, process-test-classes, test, prepare-package, package, pre-integration-test, integration-test, post-integration-test, verify, install, deploy]
[DEBUG] Lifecycle clean -> [pre-clean, clean, post-clean]
[DEBUG] Lifecycle site -> [pre-site, site, post-site, site-deploy]
[DEBUG] Lifecycle default -> [validate, initialize, generate-sources, process-sources, generate-resources, process-resources, compile, process-classes, generate-test-sources, process-test-sources, generate-test-resources, process-test-resources, test-compile, process-test-classes, test, prepare-package, package, pre-integration-test, integration-test, post-integration-test, verify, install, deploy]
[DEBUG] Lifecycle clean -> [pre-clean, clean, post-clean]
[DEBUG] Lifecycle site -> [pre-site, site, post-site, site-deploy]
[DEBUG] === PROJECT BUILD PLAN ================================================
[DEBUG] Project:       org.tektutor:tektutor-rpncalculator-webservice:1.0.0
[DEBUG] Dependencies (collect): []
[DEBUG] Dependencies (resolve): [compile]
[DEBUG] Repositories (dependencies): [central (https://repo.maven.apache.org/maven2, default, releases)]
[DEBUG] Repositories (plugins)     : [central (https://repo.maven.apache.org/maven2, default, releases)]
[DEBUG] -----------------------------------------------------------------------
[DEBUG] Goal:          org.apache.maven.plugins:maven-clean-plugin:2.6.1:clean (default-clean)
[DEBUG] Style:         Regular
[DEBUG] Configuration: <?xml version="1.0" encoding="UTF-8"?>
<configuration>
  <directory default-value="${project.build.directory}"/>
  <excludeDefaultDirectories default-value="false">${clean.excludeDefaultDirectories}</excludeDefaultDirectories>
  <failOnError default-value="true">${maven.clean.failOnError}</failOnError>
  <followSymLinks default-value="false">${clean.followSymLinks}</followSymLinks>
  <outputDirectory default-value="${project.build.outputDirectory}"/>
  <reportDirectory default-value="${project.build.outputDirectory}"/>
  <retryOnError default-value="true">${maven.clean.retryOnError}</retryOnError>
  <skip default-value="false">${clean.skip}</skip>
  <testOutputDirectory default-value="${project.build.testOutputDirectory}"/>
  <verbose>${clean.verbose}</verbose>
</configuration>
[DEBUG] -----------------------------------------------------------------------
[DEBUG] Goal:          org.codehaus.mojo:jaxb2-maven-plugin:1.6:xjc (xjc)
[DEBUG] Style:         Regular
[DEBUG] Configuration: <?xml version="1.0" encoding="UTF-8"?>
<configuration>
  <arguments>${xjc.arguments}</arguments>
  <bindingDirectory default-value="${project.basedir}/src/main/xjb"/>
  <clearOutputDir default-value="true">false</clearOutputDir>
  <dtd default-value="false"/>
  <enableIntrospection default-value="false"/>
  <encoding default-value="${project.build.sourceEncoding}"/>
  <explicitAnnotation default-value="false"/>
  <extension default-value="false"/>
  <failOnNoSchemas default-value="true"/>
  <npa default-value="false"/>
  <nv default-value="false"/>
  <outputDirectory default-value="${project.build.directory}/generated-sources/jaxb">/Users/jegan/Training/SpringSOAPWebService/src/main/java</outputDirectory>
  <quiet default-value="false"/>
  <readOnly default-value="false"/>
  <relaxng default-value="false"/>
  <relaxngCompact default-value="false"/>
  <schemaDirectory default-value="${project.basedir}/src/main/xsd">/Users/jegan/Training/SpringSOAPWebService/src/main/resources</schemaDirectory>
  <staleFileDirectory default-value="${project.build.directory}/jaxb2"/>
  <verbose default-value="false">${xjc.verbose}</verbose>
  <wsdl default-value="false"/>
  <xmlschema default-value="true"/>
  <execution default-value="${mojoExecution}"/>
  <project default-value="${project}"/>
</configuration>
[DEBUG] -----------------------------------------------------------------------
[DEBUG] Goal:          org.apache.maven.plugins:maven-resources-plugin:2.6:resources (default-resources)
[DEBUG] Style:         Regular
[DEBUG] Configuration: <?xml version="1.0" encoding="UTF-8"?>
<configuration>
  <buildFilters default-value="${project.build.filters}"/>
  <delimiters>
    <delimiter>@</delimiter>
  </delimiters>
  <encoding default-value="${project.build.sourceEncoding}">${encoding}</encoding>
  <escapeString>${maven.resources.escapeString}</escapeString>
  <escapeWindowsPaths default-value="true">${maven.resources.escapeWindowsPaths}</escapeWindowsPaths>
  <includeEmptyDirs default-value="false">${maven.resources.includeEmptyDirs}</includeEmptyDirs>
  <outputDirectory default-value="${project.build.outputDirectory}"/>
  <overwrite default-value="false">${maven.resources.overwrite}</overwrite>
  <project default-value="${project}"/>
  <resources default-value="${project.resources}"/>
  <session default-value="${session}"/>
  <supportMultiLineFiltering default-value="false">${maven.resources.supportMultiLineFiltering}</supportMultiLineFiltering>
  <useBuildFilters default-value="true"/>
  <useDefaultDelimiters default-value="true">false</useDefaultDelimiters>
</configuration>
[DEBUG] -----------------------------------------------------------------------
[DEBUG] Goal:          org.apache.maven.plugins:maven-compiler-plugin:3.1:compile (default-compile)
[DEBUG] Style:         Regular
[DEBUG] Configuration: <?xml version="1.0" encoding="UTF-8"?>
<configuration>
  <basedir default-value="${basedir}"/>
  <buildDirectory default-value="${project.build.directory}"/>
  <classpathElements default-value="${project.compileClasspathElements}"/>
  <compileSourceRoots default-value="${project.compileSourceRoots}"/>
  <compilerId default-value="javac">${maven.compiler.compilerId}</compilerId>
  <compilerReuseStrategy default-value="${reuseCreated}">${maven.compiler.compilerReuseStrategy}</compilerReuseStrategy>
  <compilerVersion>${maven.compiler.compilerVersion}</compilerVersion>
  <debug default-value="true">${maven.compiler.debug}</debug>
  <debuglevel>${maven.compiler.debuglevel}</debuglevel>
  <encoding default-value="${project.build.sourceEncoding}">${encoding}</encoding>
  <executable>${maven.compiler.executable}</executable>
  <failOnError default-value="true">${maven.compiler.failOnError}</failOnError>
  <forceJavacCompilerUse default-value="false">${maven.compiler.forceJavacCompilerUse}</forceJavacCompilerUse>
  <fork default-value="false">${maven.compiler.fork}</fork>
  <generatedSourcesDirectory default-value="${project.build.directory}/generated-sources/annotations"/>
  <maxmem>${maven.compiler.maxmem}</maxmem>
  <meminitial>${maven.compiler.meminitial}</meminitial>
  <mojoExecution>${mojoExecution}</mojoExecution>
  <optimize default-value="false">${maven.compiler.optimize}</optimize>
  <outputDirectory default-value="${project.build.outputDirectory}"/>
  <projectArtifact default-value="${project.artifact}"/>
  <showDeprecation default-value="false">${maven.compiler.showDeprecation}</showDeprecation>
  <showWarnings default-value="false">${maven.compiler.showWarnings}</showWarnings>
  <skipMain>${maven.main.skip}</skipMain>
  <skipMultiThreadWarning default-value="false">${maven.compiler.skipMultiThreadWarning}</skipMultiThreadWarning>
  <source default-value="1.5">${maven.compiler.source}</source>
  <staleMillis default-value="0">${lastModGranularityMs}</staleMillis>
  <target default-value="1.5">${maven.compiler.target}</target>
  <useIncrementalCompilation default-value="true">${maven.compiler.useIncrementalCompilation}</useIncrementalCompilation>
  <verbose default-value="false">${maven.compiler.verbose}</verbose>
  <mavenSession default-value="${session}"/>
  <session default-value="${session}"/>
</configuration>
[DEBUG] =======================================================================
[DEBUG] Dependency collection stats: {ConflictMarker.analyzeTime=821931, ConflictMarker.markTime=512479, ConflictMarker.nodeCount=91, ConflictIdSorter.graphTime=582167, ConflictIdSorter.topsortTime=372410, ConflictIdSorter.conflictIdCount=36, ConflictIdSorter.conflictIdCycleCount=0, ConflictResolver.totalTime=4539698, ConflictResolver.conflictItemCount=70, DefaultDependencyCollector.collectTime=130153932, DefaultDependencyCollector.transformTime=8585984}
[DEBUG] org.tektutor:tektutor-rpncalculator-webservice:jar:1.0.0
[DEBUG]    org.springframework.boot:spring-boot-starter-web:jar:1.5.9.RELEASE:compile
[DEBUG]       org.springframework.boot:spring-boot-starter:jar:1.5.9.RELEASE:compile (version managed from 1.5.9.RELEASE) (exclusions managed)
[DEBUG]          org.springframework.boot:spring-boot:jar:1.5.9.RELEASE:compile (version managed from 1.5.9.RELEASE)
[DEBUG]          org.springframework.boot:spring-boot-autoconfigure:jar:1.5.9.RELEASE:compile (version managed from 1.5.9.RELEASE)
[DEBUG]          org.springframework.boot:spring-boot-starter-logging:jar:1.5.9.RELEASE:compile (version managed from 1.5.9.RELEASE)
[DEBUG]             ch.qos.logback:logback-classic:jar:1.1.11:compile (version managed from 1.1.11)
[DEBUG]                ch.qos.logback:logback-core:jar:1.1.11:compile (version managed from 1.1.11)
[DEBUG]                org.slf4j:slf4j-api:jar:1.7.25:compile (version managed from 1.7.22)
[DEBUG]             org.slf4j:jcl-over-slf4j:jar:1.7.25:compile (version managed from 1.7.25)
[DEBUG]             org.slf4j:jul-to-slf4j:jar:1.7.25:compile (version managed from 1.7.25)
[DEBUG]             org.slf4j:log4j-over-slf4j:jar:1.7.25:compile (version managed from 1.7.25)
[DEBUG]          org.springframework:spring-core:jar:4.3.13.RELEASE:compile (version managed from 4.3.13.RELEASE) (exclusions managed)
[DEBUG]          org.yaml:snakeyaml:jar:1.17:runtime (version managed from 1.17)
[DEBUG]       org.springframework.boot:spring-boot-starter-tomcat:jar:1.5.9.RELEASE:compile (version managed from 1.5.9.RELEASE)
[DEBUG]          org.apache.tomcat.embed:tomcat-embed-core:jar:8.5.23:compile (version managed from 8.5.23)
[DEBUG]             org.apache.tomcat:tomcat-annotations-api:jar:8.5.23:compile (version managed from 8.5.23)
[DEBUG]          org.apache.tomcat.embed:tomcat-embed-el:jar:8.5.23:compile (version managed from 8.5.23)
[DEBUG]          org.apache.tomcat.embed:tomcat-embed-websocket:jar:8.5.23:compile (version managed from 8.5.23)
[DEBUG]       org.hibernate:hibernate-validator:jar:5.3.6.Final:compile (version managed from 5.3.6.Final)
[DEBUG]          javax.validation:validation-api:jar:1.1.0.Final:compile (version managed from 1.1.0.Final)
[DEBUG]          org.jboss.logging:jboss-logging:jar:3.3.1.Final:compile (version managed from 3.3.0.Final)
[DEBUG]          com.fasterxml:classmate:jar:1.3.4:compile (version managed from 1.3.1)
[DEBUG]       com.fasterxml.jackson.core:jackson-databind:jar:2.8.10:compile (version managed from 2.8.10)
[DEBUG]          com.fasterxml.jackson.core:jackson-annotations:jar:2.8.0:compile (version managed from 2.8.0)
[DEBUG]          com.fasterxml.jackson.core:jackson-core:jar:2.8.10:compile (version managed from 2.8.10)
[DEBUG]       org.springframework:spring-web:jar:4.3.13.RELEASE:compile (version managed from 4.3.13.RELEASE)
[DEBUG]          org.springframework:spring-aop:jar:4.3.13.RELEASE:compile (version managed from 4.3.13.RELEASE)
[DEBUG]          org.springframework:spring-beans:jar:4.3.13.RELEASE:compile (version managed from 4.3.13.RELEASE)
[DEBUG]          org.springframework:spring-context:jar:4.3.13.RELEASE:compile (version managed from 4.3.13.RELEASE)
[DEBUG]       org.springframework:spring-webmvc:jar:4.3.13.RELEASE:compile (version managed from 4.3.13.RELEASE)
[DEBUG]          org.springframework:spring-expression:jar:4.3.13.RELEASE:compile (version managed from 4.3.13.RELEASE)
[DEBUG]    org.springframework.boot:spring-boot-starter-web-services:jar:1.5.9.RELEASE:compile
[DEBUG]       org.springframework:spring-oxm:jar:4.3.13.RELEASE:compile (version managed from 4.3.13.RELEASE)
[DEBUG]       org.springframework.ws:spring-ws-core:jar:2.4.2.RELEASE:compile (version managed from 2.4.2.RELEASE) (exclusions managed)
[DEBUG]          org.springframework.ws:spring-xml:jar:2.4.2.RELEASE:compile
[DEBUG]    wsdl4j:wsdl4j:jar:1.6.3:compile
[INFO] 
[INFO] --- maven-clean-plugin:2.6.1:clean (default-clean) @ tektutor-rpncalculator-webservice ---
[DEBUG] Dependency collection stats: {ConflictMarker.analyzeTime=35707, ConflictMarker.markTime=23007, ConflictMarker.nodeCount=4, ConflictIdSorter.graphTime=7022, ConflictIdSorter.topsortTime=8172, ConflictIdSorter.conflictIdCount=4, ConflictIdSorter.conflictIdCycleCount=0, ConflictResolver.totalTime=200993, ConflictResolver.conflictItemCount=4, DefaultDependencyCollector.collectTime=13163039, DefaultDependencyCollector.transformTime=351682}
[DEBUG] org.apache.maven.plugins:maven-clean-plugin:jar:2.6.1:
[DEBUG]    org.apache.maven:maven-plugin-api:jar:2.2.1:compile
[DEBUG]    org.apache.maven.shared:maven-shared-utils:jar:0.7:compile
[DEBUG]       com.google.code.findbugs:jsr305:jar:2.0.1:compile
[DEBUG]    org.codehaus.plexus:plexus-utils:jar:1.1:runtime
[DEBUG] Created new class realm plugin>org.apache.maven.plugins:maven-clean-plugin:2.6.1
[DEBUG] Importing foreign packages into class realm plugin>org.apache.maven.plugins:maven-clean-plugin:2.6.1
[DEBUG]   Imported:  < maven.api
[DEBUG] Populating class realm plugin>org.apache.maven.plugins:maven-clean-plugin:2.6.1
[DEBUG]   Included: org.apache.maven.plugins:maven-clean-plugin:jar:2.6.1
[DEBUG]   Included: org.apache.maven.shared:maven-shared-utils:jar:0.7
[DEBUG]   Included: com.google.code.findbugs:jsr305:jar:2.0.1
[DEBUG]   Included: org.codehaus.plexus:plexus-utils:jar:1.1
[DEBUG] Configuring mojo org.apache.maven.plugins:maven-clean-plugin:2.6.1:clean from plugin realm ClassRealm[plugin>org.apache.maven.plugins:maven-clean-plugin:2.6.1, parent: jdk.internal.loader.ClassLoaders$AppClassLoader@4f8e5cde]
[DEBUG] Configuring mojo 'org.apache.maven.plugins:maven-clean-plugin:2.6.1:clean' with basic configurator -->
[DEBUG]   (f) directory = /Users/jegan/Training/SpringSOAPWebService/target
[DEBUG]   (f) excludeDefaultDirectories = false
[DEBUG]   (f) failOnError = true
[DEBUG]   (f) followSymLinks = false
[DEBUG]   (f) outputDirectory = /Users/jegan/Training/SpringSOAPWebService/target/classes
[DEBUG]   (f) reportDirectory = /Users/jegan/Training/SpringSOAPWebService/target/classes
[DEBUG]   (f) retryOnError = true
[DEBUG]   (f) skip = false
[DEBUG]   (f) testOutputDirectory = /Users/jegan/Training/SpringSOAPWebService/target/test-classes
[DEBUG] -- end configuration --
[DEBUG] Skipping non-existing directory /Users/jegan/Training/SpringSOAPWebService/target
[DEBUG] Skipping non-existing directory /Users/jegan/Training/SpringSOAPWebService/target/classes
[DEBUG] Skipping non-existing directory /Users/jegan/Training/SpringSOAPWebService/target/test-classes
[DEBUG] Skipping non-existing directory /Users/jegan/Training/SpringSOAPWebService/target/classes
[INFO] 
[INFO] --- jaxb2-maven-plugin:1.6:xjc (xjc) @ tektutor-rpncalculator-webservice ---
[DEBUG] Dependency collection stats: {ConflictMarker.analyzeTime=345964, ConflictMarker.markTime=147135, ConflictMarker.nodeCount=95, ConflictIdSorter.graphTime=137507, ConflictIdSorter.topsortTime=42859, ConflictIdSorter.conflictIdCount=42, ConflictIdSorter.conflictIdCycleCount=0, ConflictResolver.totalTime=1282739, ConflictResolver.conflictItemCount=87, DefaultDependencyCollector.collectTime=89706587, DefaultDependencyCollector.transformTime=1997992}
[DEBUG] org.codehaus.mojo:jaxb2-maven-plugin:jar:1.6:
[DEBUG]    org.apache.maven:maven-plugin-api:jar:2.0.1:compile
[DEBUG]    org.apache.maven:maven-core:jar:2.2.1:compile
[DEBUG]       org.apache.maven:maven-settings:jar:2.2.1:compile
[DEBUG]       org.apache.maven:maven-plugin-parameter-documenter:jar:2.2.1:compile
[DEBUG]       org.slf4j:slf4j-jdk14:jar:1.5.6:runtime
[DEBUG]          org.slf4j:slf4j-api:jar:1.5.6:runtime
[DEBUG]       org.slf4j:jcl-over-slf4j:jar:1.5.6:runtime
[DEBUG]       org.apache.maven.reporting:maven-reporting-api:jar:2.2.1:compile
[DEBUG]          org.apache.maven.doxia:doxia-sink-api:jar:1.1:compile
[DEBUG]          org.apache.maven.doxia:doxia-logging-api:jar:1.1:compile
[DEBUG]       org.apache.maven:maven-profile:jar:2.2.1:compile
[DEBUG]       org.codehaus.plexus:plexus-container-default:jar:1.0-alpha-9-stable-1:compile
[DEBUG]          junit:junit:jar:4.11:test
[DEBUG]             org.hamcrest:hamcrest-core:jar:1.3:test
[DEBUG]       org.apache.maven:maven-repository-metadata:jar:2.2.1:compile
[DEBUG]       org.apache.maven:maven-error-diagnostics:jar:2.2.1:compile
[DEBUG]       commons-cli:commons-cli:jar:1.2:compile
[DEBUG]       org.apache.maven:maven-plugin-descriptor:jar:2.2.1:compile
[DEBUG]       org.codehaus.plexus:plexus-interactivity-api:jar:1.0-alpha-4:compile
[DEBUG]       org.apache.maven:maven-artifact-manager:jar:2.2.1:compile
[DEBUG]          backport-util-concurrent:backport-util-concurrent:jar:3.1:compile
[DEBUG]       org.apache.maven:maven-monitor:jar:2.2.1:compile
[DEBUG]       classworlds:classworlds:jar:1.1:compile
[DEBUG]       org.sonatype.plexus:plexus-sec-dispatcher:jar:1.3:compile
[DEBUG]          org.sonatype.plexus:plexus-cipher:jar:1.4:compile
[DEBUG]    org.apache.maven:maven-artifact:jar:2.2.1:compile
[DEBUG]    org.apache.maven:maven-project:jar:2.2.1:compile
[DEBUG]       org.apache.maven:maven-plugin-registry:jar:2.2.1:compile
[DEBUG]       org.codehaus.plexus:plexus-interpolation:jar:1.11:compile
[DEBUG]    org.apache.maven:maven-model:jar:2.2.1:compile
[DEBUG]    com.sun.xml.bind:jaxb-xjc:jar:2.2.7:compile
[DEBUG]       com.sun.xml.bind:jaxb-core:jar:2.2.7:compile
[DEBUG]          javax.xml.bind:jaxb-api:jar:2.2.7:compile
[DEBUG]          com.sun.istack:istack-commons-runtime:jar:2.16:compile
[DEBUG]    com.sun.xml.bind:jaxb-jxc:jar:2.2.7:compile
[DEBUG]       com.sun.xml.bind:jaxb-impl:jar:2.2.7:compile
[DEBUG]          com.sun.xml.fastinfoset:FastInfoset:jar:1.2.12:compile
[DEBUG]    org.codehaus.plexus:plexus-compiler-api:jar:1.9.1:compile
[DEBUG]    org.codehaus.plexus:plexus-utils:jar:3.0.16:compile
[DEBUG]    org.sonatype.plexus:plexus-build-api:jar:0.0.7:compile
[DEBUG] Created new class realm plugin>org.codehaus.mojo:jaxb2-maven-plugin:1.6
[DEBUG] Importing foreign packages into class realm plugin>org.codehaus.mojo:jaxb2-maven-plugin:1.6
[DEBUG]   Imported:  < maven.api
[DEBUG] Populating class realm plugin>org.codehaus.mojo:jaxb2-maven-plugin:1.6
[DEBUG]   Included: org.codehaus.mojo:jaxb2-maven-plugin:jar:1.6
[DEBUG]   Included: org.slf4j:slf4j-jdk14:jar:1.5.6
[DEBUG]   Included: org.slf4j:jcl-over-slf4j:jar:1.5.6
[DEBUG]   Included: org.apache.maven.reporting:maven-reporting-api:jar:2.2.1
[DEBUG]   Included: org.apache.maven.doxia:doxia-sink-api:jar:1.1
[DEBUG]   Included: org.apache.maven.doxia:doxia-logging-api:jar:1.1
[DEBUG]   Included: commons-cli:commons-cli:jar:1.2
[DEBUG]   Included: org.codehaus.plexus:plexus-interactivity-api:jar:1.0-alpha-4
[DEBUG]   Included: backport-util-concurrent:backport-util-concurrent:jar:3.1
[DEBUG]   Included: org.sonatype.plexus:plexus-sec-dispatcher:jar:1.3
[DEBUG]   Included: org.sonatype.plexus:plexus-cipher:jar:1.4
[DEBUG]   Included: org.codehaus.plexus:plexus-interpolation:jar:1.11
[DEBUG]   Included: com.sun.xml.bind:jaxb-xjc:jar:2.2.7
[DEBUG]   Included: com.sun.xml.bind:jaxb-core:jar:2.2.7
[DEBUG]   Included: javax.xml.bind:jaxb-api:jar:2.2.7
[DEBUG]   Included: com.sun.istack:istack-commons-runtime:jar:2.16
[DEBUG]   Included: com.sun.xml.bind:jaxb-jxc:jar:2.2.7
[DEBUG]   Included: com.sun.xml.bind:jaxb-impl:jar:2.2.7
[DEBUG]   Included: com.sun.xml.fastinfoset:FastInfoset:jar:1.2.12
[DEBUG]   Included: org.codehaus.plexus:plexus-compiler-api:jar:1.9.1
[DEBUG]   Included: org.codehaus.plexus:plexus-utils:jar:3.0.16
[DEBUG]   Included: org.sonatype.plexus:plexus-build-api:jar:0.0.7
[DEBUG] Configuring mojo org.codehaus.mojo:jaxb2-maven-plugin:1.6:xjc from plugin realm ClassRealm[plugin>org.codehaus.mojo:jaxb2-maven-plugin:1.6, parent: jdk.internal.loader.ClassLoaders$AppClassLoader@4f8e5cde]
[DEBUG] Configuring mojo 'org.codehaus.mojo:jaxb2-maven-plugin:1.6:xjc' with basic configurator -->
[DEBUG]   (f) bindingDirectory = /Users/jegan/Training/SpringSOAPWebService/src/main/xjb
[DEBUG]   (f) clearOutputDir = false
[DEBUG]   (f) dtd = false
[DEBUG]   (f) enableIntrospection = false
[DEBUG]   (f) encoding = UTF-8
[DEBUG]   (f) explicitAnnotation = false
[DEBUG]   (f) extension = false
[DEBUG]   (f) failOnNoSchemas = true
[DEBUG]   (f) npa = false
[DEBUG]   (f) nv = false
[DEBUG]   (f) outputDirectory = /Users/jegan/Training/SpringSOAPWebService/src/main/java
[DEBUG]   (f) quiet = false
[DEBUG]   (f) readOnly = false
[DEBUG]   (f) relaxng = false
[DEBUG]   (f) relaxngCompact = false
[DEBUG]   (f) schemaDirectory = /Users/jegan/Training/SpringSOAPWebService/src/main/resources
[DEBUG]   (f) staleFileDirectory = /Users/jegan/Training/SpringSOAPWebService/target/jaxb2
[DEBUG]   (f) verbose = false
[DEBUG]   (f) wsdl = false
[DEBUG]   (f) xmlschema = true
[DEBUG]   (f) execution = org.codehaus.mojo:jaxb2-maven-plugin:1.6:xjc {execution: xjc}
[DEBUG]   (f) project = MavenProject: org.tektutor:tektutor-rpncalculator-webservice:1.0.0 @ /Users/jegan/Training/SpringSOAPWebService/pom.xml
[DEBUG] -- end configuration --
[DEBUG] Using XJC of JAXB Reference Implementation  version 2.2.7
[DEBUG] The schema Directory is /Users/jegan/Training/SpringSOAPWebService/src/main/resources
[DEBUG] accept true for file /Users/jegan/Training/SpringSOAPWebService/src/main/resources/rpncalculator.xsd
[DEBUG] The binding Directory is /Users/jegan/Training/SpringSOAPWebService/src/main/xjb
[INFO] Generating source...
[DEBUG] /Users/jegan/Training/SpringSOAPWebService/target/classes
[DEBUG] /Users/jegan/.m2/repository/org/springframework/boot/spring-boot-starter-web/1.5.9.RELEASE/spring-boot-starter-web-1.5.9.RELEASE.jar
[DEBUG] /Users/jegan/.m2/repository/org/springframework/boot/spring-boot-starter/1.5.9.RELEASE/spring-boot-starter-1.5.9.RELEASE.jar
[DEBUG] /Users/jegan/.m2/repository/org/springframework/boot/spring-boot/1.5.9.RELEASE/spring-boot-1.5.9.RELEASE.jar
[DEBUG] /Users/jegan/.m2/repository/org/springframework/boot/spring-boot-autoconfigure/1.5.9.RELEASE/spring-boot-autoconfigure-1.5.9.RELEASE.jar
[DEBUG] /Users/jegan/.m2/repository/org/springframework/boot/spring-boot-starter-logging/1.5.9.RELEASE/spring-boot-starter-logging-1.5.9.RELEASE.jar
[DEBUG] /Users/jegan/.m2/repository/ch/qos/logback/logback-classic/1.1.11/logback-classic-1.1.11.jar
[DEBUG] /Users/jegan/.m2/repository/ch/qos/logback/logback-core/1.1.11/logback-core-1.1.11.jar
[DEBUG] /Users/jegan/.m2/repository/org/slf4j/slf4j-api/1.7.25/slf4j-api-1.7.25.jar
[DEBUG] /Users/jegan/.m2/repository/org/slf4j/jcl-over-slf4j/1.7.25/jcl-over-slf4j-1.7.25.jar
[DEBUG] /Users/jegan/.m2/repository/org/slf4j/jul-to-slf4j/1.7.25/jul-to-slf4j-1.7.25.jar
[DEBUG] /Users/jegan/.m2/repository/org/slf4j/log4j-over-slf4j/1.7.25/log4j-over-slf4j-1.7.25.jar
[DEBUG] /Users/jegan/.m2/repository/org/springframework/spring-core/4.3.13.RELEASE/spring-core-4.3.13.RELEASE.jar
[DEBUG] /Users/jegan/.m2/repository/org/springframework/boot/spring-boot-starter-tomcat/1.5.9.RELEASE/spring-boot-starter-tomcat-1.5.9.RELEASE.jar
[DEBUG] /Users/jegan/.m2/repository/org/apache/tomcat/embed/tomcat-embed-core/8.5.23/tomcat-embed-core-8.5.23.jar
[DEBUG] /Users/jegan/.m2/repository/org/apache/tomcat/tomcat-annotations-api/8.5.23/tomcat-annotations-api-8.5.23.jar
[DEBUG] /Users/jegan/.m2/repository/org/apache/tomcat/embed/tomcat-embed-el/8.5.23/tomcat-embed-el-8.5.23.jar
[DEBUG] /Users/jegan/.m2/repository/org/apache/tomcat/embed/tomcat-embed-websocket/8.5.23/tomcat-embed-websocket-8.5.23.jar
[DEBUG] /Users/jegan/.m2/repository/org/hibernate/hibernate-validator/5.3.6.Final/hibernate-validator-5.3.6.Final.jar
[DEBUG] /Users/jegan/.m2/repository/javax/validation/validation-api/1.1.0.Final/validation-api-1.1.0.Final.jar
[DEBUG] /Users/jegan/.m2/repository/org/jboss/logging/jboss-logging/3.3.1.Final/jboss-logging-3.3.1.Final.jar
[DEBUG] /Users/jegan/.m2/repository/com/fasterxml/classmate/1.3.4/classmate-1.3.4.jar
[DEBUG] /Users/jegan/.m2/repository/com/fasterxml/jackson/core/jackson-databind/2.8.10/jackson-databind-2.8.10.jar
[DEBUG] /Users/jegan/.m2/repository/com/fasterxml/jackson/core/jackson-annotations/2.8.0/jackson-annotations-2.8.0.jar
[DEBUG] /Users/jegan/.m2/repository/com/fasterxml/jackson/core/jackson-core/2.8.10/jackson-core-2.8.10.jar
[DEBUG] /Users/jegan/.m2/repository/org/springframework/spring-web/4.3.13.RELEASE/spring-web-4.3.13.RELEASE.jar
[DEBUG] /Users/jegan/.m2/repository/org/springframework/spring-aop/4.3.13.RELEASE/spring-aop-4.3.13.RELEASE.jar
[DEBUG] /Users/jegan/.m2/repository/org/springframework/spring-beans/4.3.13.RELEASE/spring-beans-4.3.13.RELEASE.jar
[DEBUG] /Users/jegan/.m2/repository/org/springframework/spring-context/4.3.13.RELEASE/spring-context-4.3.13.RELEASE.jar
[DEBUG] /Users/jegan/.m2/repository/org/springframework/spring-webmvc/4.3.13.RELEASE/spring-webmvc-4.3.13.RELEASE.jar
[DEBUG] /Users/jegan/.m2/repository/org/springframework/spring-expression/4.3.13.RELEASE/spring-expression-4.3.13.RELEASE.jar
[DEBUG] /Users/jegan/.m2/repository/org/springframework/boot/spring-boot-starter-web-services/1.5.9.RELEASE/spring-boot-starter-web-services-1.5.9.RELEASE.jar
[DEBUG] /Users/jegan/.m2/repository/org/springframework/spring-oxm/4.3.13.RELEASE/spring-oxm-4.3.13.RELEASE.jar
[DEBUG] /Users/jegan/.m2/repository/org/springframework/ws/spring-ws-core/2.4.2.RELEASE/spring-ws-core-2.4.2.RELEASE.jar
[DEBUG] /Users/jegan/.m2/repository/org/springframework/ws/spring-xml/2.4.2.RELEASE/spring-xml-2.4.2.RELEASE.jar
[DEBUG] /Users/jegan/.m2/repository/wsdl4j/wsdl4j/1.6.3/wsdl4j-1.6.3.jar
[DEBUG] The binding Directory is /Users/jegan/Training/SpringSOAPWebService/src/main/xjb
[DEBUG] accept true for file /Users/jegan/Training/SpringSOAPWebService/src/main/resources/rpncalculator.xsd
[DEBUG] JAXB XJC args: [-xmlschema, -encoding, UTF-8, -d, /Users/jegan/Training/SpringSOAPWebService/src/main/java, -classpath, /Users/jegan/Training/SpringSOAPWebService/target/classes:/Users/jegan/.m2/repository/org/springframework/boot/spring-boot-starter-web/1.5.9.RELEASE/spring-boot-starter-web-1.5.9.RELEASE.jar:/Users/jegan/.m2/repository/org/springframework/boot/spring-boot-starter/1.5.9.RELEASE/spring-boot-starter-1.5.9.RELEASE.jar:/Users/jegan/.m2/repository/org/springframework/boot/spring-boot/1.5.9.RELEASE/spring-boot-1.5.9.RELEASE.jar:/Users/jegan/.m2/repository/org/springframework/boot/spring-boot-autoconfigure/1.5.9.RELEASE/spring-boot-autoconfigure-1.5.9.RELEASE.jar:/Users/jegan/.m2/repository/org/springframework/boot/spring-boot-starter-logging/1.5.9.RELEASE/spring-boot-starter-logging-1.5.9.RELEASE.jar:/Users/jegan/.m2/repository/ch/qos/logback/logback-classic/1.1.11/logback-classic-1.1.11.jar:/Users/jegan/.m2/repository/ch/qos/logback/logback-core/1.1.11/logback-core-1.1.11.jar:/Users/jegan/.m2/repository/org/slf4j/slf4j-api/1.7.25/slf4j-api-1.7.25.jar:/Users/jegan/.m2/repository/org/slf4j/jcl-over-slf4j/1.7.25/jcl-over-slf4j-1.7.25.jar:/Users/jegan/.m2/repository/org/slf4j/jul-to-slf4j/1.7.25/jul-to-slf4j-1.7.25.jar:/Users/jegan/.m2/repository/org/slf4j/log4j-over-slf4j/1.7.25/log4j-over-slf4j-1.7.25.jar:/Users/jegan/.m2/repository/org/springframework/spring-core/4.3.13.RELEASE/spring-core-4.3.13.RELEASE.jar:/Users/jegan/.m2/repository/org/springframework/boot/spring-boot-starter-tomcat/1.5.9.RELEASE/spring-boot-starter-tomcat-1.5.9.RELEASE.jar:/Users/jegan/.m2/repository/org/apache/tomcat/embed/tomcat-embed-core/8.5.23/tomcat-embed-core-8.5.23.jar:/Users/jegan/.m2/repository/org/apache/tomcat/tomcat-annotations-api/8.5.23/tomcat-annotations-api-8.5.23.jar:/Users/jegan/.m2/repository/org/apache/tomcat/embed/tomcat-embed-el/8.5.23/tomcat-embed-el-8.5.23.jar:/Users/jegan/.m2/repository/org/apache/tomcat/embed/tomcat-embed-websocket/8.5.23/tomcat-embed-websocket-8.5.23.jar:/Users/jegan/.m2/repository/org/hibernate/hibernate-validator/5.3.6.Final/hibernate-validator-5.3.6.Final.jar:/Users/jegan/.m2/repository/javax/validation/validation-api/1.1.0.Final/validation-api-1.1.0.Final.jar:/Users/jegan/.m2/repository/org/jboss/logging/jboss-logging/3.3.1.Final/jboss-logging-3.3.1.Final.jar:/Users/jegan/.m2/repository/com/fasterxml/classmate/1.3.4/classmate-1.3.4.jar:/Users/jegan/.m2/repository/com/fasterxml/jackson/core/jackson-databind/2.8.10/jackson-databind-2.8.10.jar:/Users/jegan/.m2/repository/com/fasterxml/jackson/core/jackson-annotations/2.8.0/jackson-annotations-2.8.0.jar:/Users/jegan/.m2/repository/com/fasterxml/jackson/core/jackson-core/2.8.10/jackson-core-2.8.10.jar:/Users/jegan/.m2/repository/org/springframework/spring-web/4.3.13.RELEASE/spring-web-4.3.13.RELEASE.jar:/Users/jegan/.m2/repository/org/springframework/spring-aop/4.3.13.RELEASE/spring-aop-4.3.13.RELEASE.jar:/Users/jegan/.m2/repository/org/springframework/spring-beans/4.3.13.RELEASE/spring-beans-4.3.13.RELEASE.jar:/Users/jegan/.m2/repository/org/springframework/spring-context/4.3.13.RELEASE/spring-context-4.3.13.RELEASE.jar:/Users/jegan/.m2/repository/org/springframework/spring-webmvc/4.3.13.RELEASE/spring-webmvc-4.3.13.RELEASE.jar:/Users/jegan/.m2/repository/org/springframework/spring-expression/4.3.13.RELEASE/spring-expression-4.3.13.RELEASE.jar:/Users/jegan/.m2/repository/org/springframework/boot/spring-boot-starter-web-services/1.5.9.RELEASE/spring-boot-starter-web-services-1.5.9.RELEASE.jar:/Users/jegan/.m2/repository/org/springframework/spring-oxm/4.3.13.RELEASE/spring-oxm-4.3.13.RELEASE.jar:/Users/jegan/.m2/repository/org/springframework/ws/spring-ws-core/2.4.2.RELEASE/spring-ws-core-2.4.2.RELEASE.jar:/Users/jegan/.m2/repository/org/springframework/ws/spring-xml/2.4.2.RELEASE/spring-xml-2.4.2.RELEASE.jar:/Users/jegan/.m2/repository/wsdl4j/wsdl4j/1.6.3/wsdl4j-1.6.3.jar:, /Users/jegan/Training/SpringSOAPWebService/src/main/resources]
[INFO] parsing a schema...
[INFO] ------------------------------------------------------------------------
[INFO] BUILD FAILURE
[INFO] ------------------------------------------------------------------------
[INFO] Total time: 0.980 s
[INFO] Finished at: 2017-12-13T09:36:53+05:30
[INFO] Final Memory: 18M/60M
[INFO] ------------------------------------------------------------------------
---------------------------------------------------
constituent[0]: file:/usr/local/Cellar/maven/3.5.2/libexec/conf/logging/
constituent[1]: file:/usr/local/Cellar/maven/3.5.2/libexec/lib/aopalliance-1.0.jar
constituent[2]: file:/usr/local/Cellar/maven/3.5.2/libexec/lib/cdi-api-1.0.jar
constituent[3]: file:/usr/local/Cellar/maven/3.5.2/libexec/lib/commons-cli-1.4.jar
constituent[4]: file:/usr/local/Cellar/maven/3.5.2/libexec/lib/commons-io-2.5.jar
constituent[5]: file:/usr/local/Cellar/maven/3.5.2/libexec/lib/commons-lang3-3.5.jar
constituent[6]: file:/usr/local/Cellar/maven/3.5.2/libexec/lib/guava-20.0.jar
constituent[7]: file:/usr/local/Cellar/maven/3.5.2/libexec/lib/guice-4.0-no_aop.jar
constituent[8]: file:/usr/local/Cellar/maven/3.5.2/libexec/lib/jansi-1.16.jar
constituent[9]: file:/usr/local/Cellar/maven/3.5.2/libexec/lib/javax.inject-1.jar
constituent[10]: file:/usr/local/Cellar/maven/3.5.2/libexec/lib/jcl-over-slf4j-1.7.25.jar
constituent[11]: file:/usr/local/Cellar/maven/3.5.2/libexec/lib/jsr250-api-1.0.jar
constituent[12]: file:/usr/local/Cellar/maven/3.5.2/libexec/lib/maven-artifact-3.5.2.jar
constituent[13]: file:/usr/local/Cellar/maven/3.5.2/libexec/lib/maven-builder-support-3.5.2.jar
constituent[14]: file:/usr/local/Cellar/maven/3.5.2/libexec/lib/maven-compat-3.5.2.jar
constituent[15]: file:/usr/local/Cellar/maven/3.5.2/libexec/lib/maven-core-3.5.2.jar
constituent[16]: file:/usr/local/Cellar/maven/3.5.2/libexec/lib/maven-embedder-3.5.2.jar
constituent[17]: file:/usr/local/Cellar/maven/3.5.2/libexec/lib/maven-model-3.5.2.jar
constituent[18]: file:/usr/local/Cellar/maven/3.5.2/libexec/lib/maven-model-builder-3.5.2.jar
constituent[19]: file:/usr/local/Cellar/maven/3.5.2/libexec/lib/maven-plugin-api-3.5.2.jar
constituent[20]: file:/usr/local/Cellar/maven/3.5.2/libexec/lib/maven-repository-metadata-3.5.2.jar
constituent[21]: file:/usr/local/Cellar/maven/3.5.2/libexec/lib/maven-resolver-api-1.1.0.jar
constituent[22]: file:/usr/local/Cellar/maven/3.5.2/libexec/lib/maven-resolver-connector-basic-1.1.0.jar
constituent[23]: file:/usr/local/Cellar/maven/3.5.2/libexec/lib/maven-resolver-impl-1.1.0.jar
constituent[24]: file:/usr/local/Cellar/maven/3.5.2/libexec/lib/maven-resolver-provider-3.5.2.jar
constituent[25]: file:/usr/local/Cellar/maven/3.5.2/libexec/lib/maven-resolver-spi-1.1.0.jar
constituent[26]: file:/usr/local/Cellar/maven/3.5.2/libexec/lib/maven-resolver-transport-wagon-1.1.0.jar
constituent[27]: file:/usr/local/Cellar/maven/3.5.2/libexec/lib/maven-resolver-util-1.1.0.jar
constituent[28]: file:/usr/local/Cellar/maven/3.5.2/libexec/lib/maven-settings-3.5.2.jar
constituent[29]: file:/usr/local/Cellar/maven/3.5.2/libexec/lib/maven-settings-builder-3.5.2.jar
constituent[30]: file:/usr/local/Cellar/maven/3.5.2/libexec/lib/maven-shared-utils-3.1.0.jar
constituent[31]: file:/usr/local/Cellar/maven/3.5.2/libexec/lib/maven-slf4j-provider-3.5.2.jar
constituent[32]: file:/usr/local/Cellar/maven/3.5.2/libexec/lib/org.eclipse.sisu.inject-0.3.3.jar
constituent[33]: file:/usr/local/Cellar/maven/3.5.2/libexec/lib/org.eclipse.sisu.plexus-0.3.3.jar
constituent[34]: file:/usr/local/Cellar/maven/3.5.2/libexec/lib/plexus-cipher-1.7.jar
constituent[35]: file:/usr/local/Cellar/maven/3.5.2/libexec/lib/plexus-component-annotations-1.7.1.jar
constituent[36]: file:/usr/local/Cellar/maven/3.5.2/libexec/lib/plexus-interpolation-1.24.jar
constituent[37]: file:/usr/local/Cellar/maven/3.5.2/libexec/lib/plexus-sec-dispatcher-1.4.jar
constituent[38]: file:/usr/local/Cellar/maven/3.5.2/libexec/lib/plexus-utils-3.1.0.jar
constituent[39]: file:/usr/local/Cellar/maven/3.5.2/libexec/lib/slf4j-api-1.7.25.jar
constituent[40]: file:/usr/local/Cellar/maven/3.5.2/libexec/lib/wagon-file-2.12.jar
constituent[41]: file:/usr/local/Cellar/maven/3.5.2/libexec/lib/wagon-http-2.12-shaded.jar
constituent[42]: file:/usr/local/Cellar/maven/3.5.2/libexec/lib/wagon-provider-api-2.12.jar
---------------------------------------------------
Exception in thread "main" java.lang.Error: java.lang.reflect.InvocationTargetException
	at com.sun.tools.xjc.reader.Ring.get(Ring.java:113)
	at com.sun.tools.xjc.reader.xmlschema.BGMBuilder.<init>(BGMBuilder.java:147)
	at com.sun.tools.xjc.reader.xmlschema.BGMBuilder.build(BGMBuilder.java:117)
	at com.sun.tools.xjc.ModelLoader.annotateXMLSchema(ModelLoader.java:425)
	at com.sun.tools.xjc.ModelLoader.load(ModelLoader.java:174)
	at com.sun.tools.xjc.ModelLoader.load(ModelLoader.java:119)
	at com.sun.tools.xjc.Driver.run(Driver.java:333)
	at org.codehaus.mojo.jaxb2.AbstractXjcMojo.execute(AbstractXjcMojo.java:316)
	at org.apache.maven.plugin.DefaultBuildPluginManager.executeMojo(DefaultBuildPluginManager.java:134)
	at org.apache.maven.lifecycle.internal.MojoExecutor.execute(MojoExecutor.java:208)
	at org.apache.maven.lifecycle.internal.MojoExecutor.execute(MojoExecutor.java:154)
	at org.apache.maven.lifecycle.internal.MojoExecutor.execute(MojoExecutor.java:146)
	at org.apache.maven.lifecycle.internal.LifecycleModuleBuilder.buildProject(LifecycleModuleBuilder.java:117)
	at org.apache.maven.lifecycle.internal.LifecycleModuleBuilder.buildProject(LifecycleModuleBuilder.java:81)
	at org.apache.maven.lifecycle.internal.builder.singlethreaded.SingleThreadedBuilder.build(SingleThreadedBuilder.java:51)
	at org.apache.maven.lifecycle.internal.LifecycleStarter.execute(LifecycleStarter.java:128)
	at org.apache.maven.DefaultMaven.doExecute(DefaultMaven.java:309)
	at org.apache.maven.DefaultMaven.doExecute(DefaultMaven.java:194)
	at org.apache.maven.DefaultMaven.execute(DefaultMaven.java:107)
	at org.apache.maven.cli.MavenCli.execute(MavenCli.java:955)
	at org.apache.maven.cli.MavenCli.doMain(MavenCli.java:290)
	at org.apache.maven.cli.MavenCli.main(MavenCli.java:194)
	at java.base/jdk.internal.reflect.NativeMethodAccessorImpl.invoke0(Native Method)
	at java.base/jdk.internal.reflect.NativeMethodAccessorImpl.invoke(NativeMethodAccessorImpl.java:62)
	at java.base/jdk.internal.reflect.DelegatingMethodAccessorImpl.invoke(DelegatingMethodAccessorImpl.java:43)
	at java.base/java.lang.reflect.Method.invoke(Method.java:564)
	at org.codehaus.plexus.classworlds.launcher.Launcher.launchEnhanced(Launcher.java:289)
	at org.codehaus.plexus.classworlds.launcher.Launcher.launch(Launcher.java:229)
	at org.codehaus.plexus.classworlds.launcher.Launcher.mainWithExitCode(Launcher.java:415)
	at org.codehaus.plexus.classworlds.launcher.Launcher.main(Launcher.java:356)
Caused by: java.lang.reflect.InvocationTargetException
	at java.base/jdk.internal.reflect.NativeConstructorAccessorImpl.newInstance0(Native Method)
	at java.base/jdk.internal.reflect.NativeConstructorAccessorImpl.newInstance(NativeConstructorAccessorImpl.java:62)
	at java.base/jdk.internal.reflect.DelegatingConstructorAccessorImpl.newInstance(DelegatingConstructorAccessorImpl.java:45)
	at java.base/java.lang.reflect.Constructor.newInstance(Constructor.java:488)
	at com.sun.tools.xjc.reader.Ring.get(Ring.java:102)
	... 29 more
Caused by: java.lang.Error: java.lang.reflect.InvocationTargetException
	at com.sun.tools.xjc.reader.Ring.get(Ring.java:113)
	at com.sun.tools.xjc.reader.xmlschema.BindingComponent.getClassSelector(BindingComponent.java:65)
	at com.sun.tools.xjc.reader.xmlschema.ColorBinder.<init>(ColorBinder.java:62)
	at com.sun.tools.xjc.reader.xmlschema.BindGreen.<init>(BindGreen.java:63)
	... 34 more
Caused by: java.lang.reflect.InvocationTargetException
	at java.base/jdk.internal.reflect.NativeConstructorAccessorImpl.newInstance0(Native Method)
	at java.base/jdk.internal.reflect.NativeConstructorAccessorImpl.newInstance(NativeConstructorAccessorImpl.java:62)
	at java.base/jdk.internal.reflect.DelegatingConstructorAccessorImpl.newInstance(DelegatingConstructorAccessorImpl.java:45)
	at java.base/java.lang.reflect.Constructor.newInstance(Constructor.java:488)
	at com.sun.tools.xjc.reader.Ring.get(Ring.java:102)
	... 37 more
Caused by: java.lang.NoClassDefFoundError: javax/activation/MimeTypeParseException
	at java.base/java.lang.Class.getDeclaredConstructors0(Native Method)
	at java.base/java.lang.Class.privateGetDeclaredConstructors(Class.java:3110)
	at java.base/java.lang.Class.getConstructor0(Class.java:3315)
	at java.base/java.lang.Class.getDeclaredConstructor(Class.java:2510)
	at com.sun.tools.xjc.reader.Ring.get(Ring.java:100)
	at com.sun.tools.xjc.reader.xmlschema.DefaultClassBinder.<init>(DefaultClassBinder.java:98)
	at com.sun.tools.xjc.reader.xmlschema.ClassSelector.<init>(ClassSelector.java:214)
	... 42 more
Caused by: java.lang.ClassNotFoundException: javax.activation.MimeTypeParseException
	at org.codehaus.plexus.classworlds.strategy.SelfFirstStrategy.loadClass(SelfFirstStrategy.java:50)
	at org.codehaus.plexus.classworlds.realm.ClassRealm.unsynchronizedLoadClass(ClassRealm.java:271)
	at org.codehaus.plexus.classworlds.realm.ClassRealm.loadClass(ClassRealm.java:247)
	at org.codehaus.plexus.classworlds.realm.ClassRealm.loadClass(ClassRealm.java:239)
	... 49 more
